  [1m[36m (2.7ms)[0m  [1mCREATE TABLE "schema_migrations" ("version" varchar(255) NOT NULL) [0m
  [1m[35m (0.1ms)[0m  select sqlite_version(*)
  [1m[36m (39.2ms)[0m  [1mCREATE UNIQUE INDEX "unique_schema_migrations" ON "schema_migrations" ("version")[0m
  [1m[35mActiveRecord::SchemaMigration Load (0.2ms)[0m  SELECT "schema_migrations".* FROM "schema_migrations"
Migrating to CreateCourses (20140926190851)
  [1m[36m (0.1ms)[0m  [1mbegin transaction[0m
  [1m[35m (0.6ms)[0m  CREATE TABLE "courses" ("id" INTEGER PRIMARY KEY AUTOINCREMENT NOT NULL, "name" varchar(255), "price" integer, "created_at" datetime, "updated_at" datetime) 
  [1m[36mSQL (0.4ms)[0m  [1mINSERT INTO "schema_migrations" ("version") VALUES (?)[0m  [["version", "20140926190851"]]
  [1m[35m (3.1ms)[0m  commit transaction
Migrating to CreateRegistrations (20140926191022)
  [1m[36m (0.1ms)[0m  [1mbegin transaction[0m
  [1m[35m (0.5ms)[0m  CREATE TABLE "registrations" ("id" INTEGER PRIMARY KEY AUTOINCREMENT NOT NULL, "course_id" integer, "full_name" varchar(255), "company" varchar(255), "email" varchar(255), "telephone" varchar(255), "created_at" datetime, "updated_at" datetime) 
  [1m[36m (0.2ms)[0m  [1mCREATE  INDEX "index_registrations_on_course_id" ON "registrations" ("course_id")[0m
  [1m[35mSQL (0.1ms)[0m  INSERT INTO "schema_migrations" ("version") VALUES (?)  [["version", "20140926191022"]]
  [1m[36m (1.7ms)[0m  [1mcommit transaction[0m
Migrating to AddParamsStatusTransactionIdPurchasedAtToRegistrations (20140928132405)
  [1m[35m (0.1ms)[0m  begin transaction
  [1m[36m (0.4ms)[0m  [1mALTER TABLE "registrations" ADD "notification_params" text[0m
  [1m[35m (0.2ms)[0m  ALTER TABLE "registrations" ADD "status" varchar(255)
  [1m[36m (0.2ms)[0m  [1mALTER TABLE "registrations" ADD "transaction_id" varchar(255)[0m
  [1m[35m (0.2ms)[0m  ALTER TABLE "registrations" ADD "purchased_at" datetime
  [1m[36mSQL (0.1ms)[0m  [1mINSERT INTO "schema_migrations" ("version") VALUES (?)[0m  [["version", "20140928132405"]]
  [1m[35m (1.7ms)[0m  commit transaction
  [1m[36mActiveRecord::SchemaMigration Load (0.1ms)[0m  [1mSELECT "schema_migrations".* FROM "schema_migrations"[0m
  [1m[35m (0.2ms)[0m              SELECT sql
            FROM sqlite_master
            WHERE name='index_registrations_on_course_id' AND type='index'
            UNION ALL
            SELECT sql
            FROM sqlite_temp_master
            WHERE name='index_registrations_on_course_id' AND type='index'

  [1m[36mActiveRecord::SchemaMigration Load (0.2ms)[0m  [1mSELECT "schema_migrations".* FROM "schema_migrations"[0m
  [1m[35mSQL (2.8ms)[0m  DELETE FROM "courses"
  [1m[36m (0.1ms)[0m  [1mbegin transaction[0m
  [1m[35mSQL (0.6ms)[0m  INSERT INTO "courses" ("created_at", "name", "price", "updated_at") VALUES (?, ?, ?, ?)  [["created_at", "2015-06-11 03:19:43.916945"], ["name", "INTRODUCTION TO REPOSTERY (4 Weeks)"], ["price", 475], ["updated_at", "2015-06-11 03:19:43.916945"]]
  [1m[36m (1.8ms)[0m  [1mcommit transaction[0m
  [1m[35m (0.1ms)[0m  begin transaction
  [1m[36mSQL (0.3ms)[0m  [1mINSERT INTO "courses" ("created_at", "name", "price", "updated_at") VALUES (?, ?, ?, ?)[0m  [["created_at", "2015-06-11 03:19:43.953729"], ["name", "THE BEST BUTCHERY COURSE (4 Weeks)"], ["price", 610], ["updated_at", "2015-06-11 03:19:43.953729"]]
  [1m[35m (1.6ms)[0m  commit transaction
  [1m[36m (0.1ms)[0m  [1mbegin transaction[0m
  [1m[35mSQL (0.3ms)[0m  INSERT INTO "courses" ("created_at", "name", "price", "updated_at") VALUES (?, ?, ?, ?)  [["created_at", "2015-06-11 03:19:43.957240"], ["name", "SEA FOOD SECRETS COURSE (8 Weeks)"], ["price", 1485], ["updated_at", "2015-06-11 03:19:43.957240"]]
  [1m[36m (1.6ms)[0m  [1mcommit transaction[0m


Started GET "/" for 127.0.0.1 at 2015-06-10 20:20:07 -0700
  [1m[36mActiveRecord::SchemaMigration Load (0.1ms)[0m  [1mSELECT "schema_migrations".* FROM "schema_migrations"[0m
Processing by CoursesController#index as HTML
  Rendered courses/index.html.haml within layouts/application (39.3ms)
  [1m[35mCourse Load (0.3ms)[0m  SELECT "courses".* FROM "courses"
  Rendered courses/_index.html.haml (55.5ms)
Completed 200 OK in 1290ms (Views: 1262.9ms | ActiveRecord: 0.8ms)


Started GET "/assets/bootstrap.min.css?body=1" for 127.0.0.1 at 2015-06-10 20:20:09 -0700


Started GET "/assets/form.css?body=1" for 127.0.0.1 at 2015-06-10 20:20:09 -0700


Started GET "/assets/fonts.css?body=1" for 127.0.0.1 at 2015-06-10 20:20:09 -0700


Started GET "/assets/normalize.css?body=1" for 127.0.0.1 at 2015-06-10 20:20:09 -0700


Started GET "/assets/front.css?body=1" for 127.0.0.1 at 2015-06-10 20:20:09 -0700


Started GET "/assets/application.css?body=1" for 127.0.0.1 at 2015-06-10 20:20:09 -0700


Started GET "/assets/jquery.js?body=1" for 127.0.0.1 at 2015-06-10 20:20:09 -0700


Started GET "/assets/jquery_ujs.js?body=1" for 127.0.0.1 at 2015-06-10 20:20:09 -0700


Started GET "/assets/application.js?body=1" for 127.0.0.1 at 2015-06-10 20:20:09 -0700


Started GET "/assets/turbolinks.js?body=1" for 127.0.0.1 at 2015-06-10 20:20:09 -0700


Started GET "/assets/MYRIADPRO-REGULAR.OTF" for 127.0.0.1 at 2015-06-10 20:20:09 -0700


Started GET "/assets/code-bg.jpg" for 127.0.0.1 at 2015-06-10 20:20:09 -0700


Started GET "/assets/course-bg-arrow.png" for 127.0.0.1 at 2015-06-10 20:20:09 -0700


Started GET "/registrations/new?course_id=1" for 127.0.0.1 at 2015-06-10 20:20:12 -0700
Processing by RegistrationsController#new as HTML
  Parameters: {"course_id"=>"1"}
  [1m[36mCourse Load (0.3ms)[0m  [1mSELECT  "courses".* FROM "courses"  WHERE "courses"."id" = 1 LIMIT 1[0m
  Rendered registrations/new.html.haml within layouts/application (116.1ms)
  [1m[35mCourse Load (0.3ms)[0m  SELECT "courses".* FROM "courses"
  Rendered courses/_index.html.haml (5.0ms)
Completed 200 OK in 229ms (Views: 183.9ms | ActiveRecord: 1.3ms)


Started GET "/registrations/new?course_id=2" for 127.0.0.1 at 2015-06-10 20:20:17 -0700
Processing by RegistrationsController#new as HTML
  Parameters: {"course_id"=>"2"}
  [1m[36mCourse Load (0.2ms)[0m  [1mSELECT  "courses".* FROM "courses"  WHERE "courses"."id" = 2 LIMIT 1[0m
  Rendered registrations/new.html.haml within layouts/application (2.8ms)
  [1m[35mCourse Load (0.2ms)[0m  SELECT "courses".* FROM "courses"
  Rendered courses/_index.html.haml (2.2ms)
Completed 200 OK in 62ms (Views: 59.9ms | ActiveRecord: 0.4ms)


Started GET "/success_stories" for 127.0.0.1 at 2015-06-10 20:20:20 -0700

ActionController::RoutingError (No route matches [GET] "/success_stories"):
  actionpack (4.1.6) lib/action_dispatch/middleware/debug_exceptions.rb:21:in `call'
  actionpack (4.1.6) lib/action_dispatch/middleware/show_exceptions.rb:30:in `call'
  railties (4.1.6) lib/rails/rack/logger.rb:38:in `call_app'
  railties (4.1.6) lib/rails/rack/logger.rb:20:in `block in call'
  activesupport (4.1.6) lib/active_support/tagged_logging.rb:68:in `block in tagged'
  activesupport (4.1.6) lib/active_support/tagged_logging.rb:26:in `tagged'
  activesupport (4.1.6) lib/active_support/tagged_logging.rb:68:in `tagged'
  railties (4.1.6) lib/rails/rack/logger.rb:20:in `call'
  actionpack (4.1.6) lib/action_dispatch/middleware/request_id.rb:21:in `call'
  rack (1.5.2) lib/rack/methodoverride.rb:21:in `call'
  rack (1.5.2) lib/rack/runtime.rb:17:in `call'
  activesupport (4.1.6) lib/active_support/cache/strategy/local_cache_middleware.rb:26:in `call'
  rack (1.5.2) lib/rack/lock.rb:17:in `call'
  actionpack (4.1.6) lib/action_dispatch/middleware/static.rb:64:in `call'
  rack (1.5.2) lib/rack/sendfile.rb:112:in `call'
  railties (4.1.6) lib/rails/engine.rb:514:in `call'
  railties (4.1.6) lib/rails/application.rb:144:in `call'
  rack (1.5.2) lib/rack/lock.rb:17:in `call'
  rack (1.5.2) lib/rack/content_length.rb:14:in `call'
  rack (1.5.2) lib/rack/handler/webrick.rb:60:in `service'
  /Users/hamed/.rbenv/versions/2.0.0-p481/lib/ruby/2.0.0/webrick/httpserver.rb:138:in `service'
  /Users/hamed/.rbenv/versions/2.0.0-p481/lib/ruby/2.0.0/webrick/httpserver.rb:94:in `run'
  /Users/hamed/.rbenv/versions/2.0.0-p481/lib/ruby/2.0.0/webrick/server.rb:295:in `block in start_thread'


  Rendered /Users/hamed/.rbenv/versions/2.0.0-p481/lib/ruby/gems/2.0.0/gems/actionpack-4.1.6/lib/action_dispatch/middleware/templates/rescues/_trace.html.erb (2.4ms)
  Rendered /Users/hamed/.rbenv/versions/2.0.0-p481/lib/ruby/gems/2.0.0/gems/actionpack-4.1.6/lib/action_dispatch/middleware/templates/routes/_route.html.erb (2.1ms)
  Rendered /Users/hamed/.rbenv/versions/2.0.0-p481/lib/ruby/gems/2.0.0/gems/actionpack-4.1.6/lib/action_dispatch/middleware/templates/routes/_table.html.erb (9.3ms)
  Rendered /Users/hamed/.rbenv/versions/2.0.0-p481/lib/ruby/gems/2.0.0/gems/actionpack-4.1.6/lib/action_dispatch/middleware/templates/rescues/routing_error.html.erb within rescues/layout (60.1ms)


Started GET "/success_stories" for 127.0.0.1 at 2015-06-10 20:20:21 -0700

ActionController::RoutingError (No route matches [GET] "/success_stories"):
  actionpack (4.1.6) lib/action_dispatch/middleware/debug_exceptions.rb:21:in `call'
  actionpack (4.1.6) lib/action_dispatch/middleware/show_exceptions.rb:30:in `call'
  railties (4.1.6) lib/rails/rack/logger.rb:38:in `call_app'
  railties (4.1.6) lib/rails/rack/logger.rb:20:in `block in call'
  activesupport (4.1.6) lib/active_support/tagged_logging.rb:68:in `block in tagged'
  activesupport (4.1.6) lib/active_support/tagged_logging.rb:26:in `tagged'
  activesupport (4.1.6) lib/active_support/tagged_logging.rb:68:in `tagged'
  railties (4.1.6) lib/rails/rack/logger.rb:20:in `call'
  actionpack (4.1.6) lib/action_dispatch/middleware/request_id.rb:21:in `call'
  rack (1.5.2) lib/rack/methodoverride.rb:21:in `call'
  rack (1.5.2) lib/rack/runtime.rb:17:in `call'
  activesupport (4.1.6) lib/active_support/cache/strategy/local_cache_middleware.rb:26:in `call'
  rack (1.5.2) lib/rack/lock.rb:17:in `call'
  actionpack (4.1.6) lib/action_dispatch/middleware/static.rb:64:in `call'
  rack (1.5.2) lib/rack/sendfile.rb:112:in `call'
  railties (4.1.6) lib/rails/engine.rb:514:in `call'
  railties (4.1.6) lib/rails/application.rb:144:in `call'
  rack (1.5.2) lib/rack/lock.rb:17:in `call'
  rack (1.5.2) lib/rack/content_length.rb:14:in `call'
  rack (1.5.2) lib/rack/handler/webrick.rb:60:in `service'
  /Users/hamed/.rbenv/versions/2.0.0-p481/lib/ruby/2.0.0/webrick/httpserver.rb:138:in `service'
  /Users/hamed/.rbenv/versions/2.0.0-p481/lib/ruby/2.0.0/webrick/httpserver.rb:94:in `run'
  /Users/hamed/.rbenv/versions/2.0.0-p481/lib/ruby/2.0.0/webrick/server.rb:295:in `block in start_thread'


  Rendered /Users/hamed/.rbenv/versions/2.0.0-p481/lib/ruby/gems/2.0.0/gems/actionpack-4.1.6/lib/action_dispatch/middleware/templates/rescues/_trace.html.erb (1.0ms)
  Rendered /Users/hamed/.rbenv/versions/2.0.0-p481/lib/ruby/gems/2.0.0/gems/actionpack-4.1.6/lib/action_dispatch/middleware/templates/routes/_route.html.erb (2.0ms)
  Rendered /Users/hamed/.rbenv/versions/2.0.0-p481/lib/ruby/gems/2.0.0/gems/actionpack-4.1.6/lib/action_dispatch/middleware/templates/routes/_table.html.erb (48.7ms)
  Rendered /Users/hamed/.rbenv/versions/2.0.0-p481/lib/ruby/gems/2.0.0/gems/actionpack-4.1.6/lib/action_dispatch/middleware/templates/rescues/routing_error.html.erb within rescues/layout (72.9ms)


Started GET "/curriculum" for 127.0.0.1 at 2015-06-10 20:20:23 -0700

ActionController::RoutingError (No route matches [GET] "/curriculum"):
  actionpack (4.1.6) lib/action_dispatch/middleware/debug_exceptions.rb:21:in `call'
  actionpack (4.1.6) lib/action_dispatch/middleware/show_exceptions.rb:30:in `call'
  railties (4.1.6) lib/rails/rack/logger.rb:38:in `call_app'
  railties (4.1.6) lib/rails/rack/logger.rb:20:in `block in call'
  activesupport (4.1.6) lib/active_support/tagged_logging.rb:68:in `block in tagged'
  activesupport (4.1.6) lib/active_support/tagged_logging.rb:26:in `tagged'
  activesupport (4.1.6) lib/active_support/tagged_logging.rb:68:in `tagged'
  railties (4.1.6) lib/rails/rack/logger.rb:20:in `call'
  actionpack (4.1.6) lib/action_dispatch/middleware/request_id.rb:21:in `call'
  rack (1.5.2) lib/rack/methodoverride.rb:21:in `call'
  rack (1.5.2) lib/rack/runtime.rb:17:in `call'
  activesupport (4.1.6) lib/active_support/cache/strategy/local_cache_middleware.rb:26:in `call'
  rack (1.5.2) lib/rack/lock.rb:17:in `call'
  actionpack (4.1.6) lib/action_dispatch/middleware/static.rb:64:in `call'
  rack (1.5.2) lib/rack/sendfile.rb:112:in `call'
  railties (4.1.6) lib/rails/engine.rb:514:in `call'
  railties (4.1.6) lib/rails/application.rb:144:in `call'
  rack (1.5.2) lib/rack/lock.rb:17:in `call'
  rack (1.5.2) lib/rack/content_length.rb:14:in `call'
  rack (1.5.2) lib/rack/handler/webrick.rb:60:in `service'
  /Users/hamed/.rbenv/versions/2.0.0-p481/lib/ruby/2.0.0/webrick/httpserver.rb:138:in `service'
  /Users/hamed/.rbenv/versions/2.0.0-p481/lib/ruby/2.0.0/webrick/httpserver.rb:94:in `run'
  /Users/hamed/.rbenv/versions/2.0.0-p481/lib/ruby/2.0.0/webrick/server.rb:295:in `block in start_thread'


  Rendered /Users/hamed/.rbenv/versions/2.0.0-p481/lib/ruby/gems/2.0.0/gems/actionpack-4.1.6/lib/action_dispatch/middleware/templates/rescues/_trace.html.erb (0.9ms)
  Rendered /Users/hamed/.rbenv/versions/2.0.0-p481/lib/ruby/gems/2.0.0/gems/actionpack-4.1.6/lib/action_dispatch/middleware/templates/routes/_route.html.erb (2.1ms)
  Rendered /Users/hamed/.rbenv/versions/2.0.0-p481/lib/ruby/gems/2.0.0/gems/actionpack-4.1.6/lib/action_dispatch/middleware/templates/routes/_table.html.erb (1.1ms)
  Rendered /Users/hamed/.rbenv/versions/2.0.0-p481/lib/ruby/gems/2.0.0/gems/actionpack-4.1.6/lib/action_dispatch/middleware/templates/rescues/routing_error.html.erb within rescues/layout (24.3ms)


Started GET "/curriculum" for 127.0.0.1 at 2015-06-10 20:20:23 -0700

ActionController::RoutingError (No route matches [GET] "/curriculum"):
  actionpack (4.1.6) lib/action_dispatch/middleware/debug_exceptions.rb:21:in `call'
  actionpack (4.1.6) lib/action_dispatch/middleware/show_exceptions.rb:30:in `call'
  railties (4.1.6) lib/rails/rack/logger.rb:38:in `call_app'
  railties (4.1.6) lib/rails/rack/logger.rb:20:in `block in call'
  activesupport (4.1.6) lib/active_support/tagged_logging.rb:68:in `block in tagged'
  activesupport (4.1.6) lib/active_support/tagged_logging.rb:26:in `tagged'
  activesupport (4.1.6) lib/active_support/tagged_logging.rb:68:in `tagged'
  railties (4.1.6) lib/rails/rack/logger.rb:20:in `call'
  actionpack (4.1.6) lib/action_dispatch/middleware/request_id.rb:21:in `call'
  rack (1.5.2) lib/rack/methodoverride.rb:21:in `call'
  rack (1.5.2) lib/rack/runtime.rb:17:in `call'
  activesupport (4.1.6) lib/active_support/cache/strategy/local_cache_middleware.rb:26:in `call'
  rack (1.5.2) lib/rack/lock.rb:17:in `call'
  actionpack (4.1.6) lib/action_dispatch/middleware/static.rb:64:in `call'
  rack (1.5.2) lib/rack/sendfile.rb:112:in `call'
  railties (4.1.6) lib/rails/engine.rb:514:in `call'
  railties (4.1.6) lib/rails/application.rb:144:in `call'
  rack (1.5.2) lib/rack/lock.rb:17:in `call'
  rack (1.5.2) lib/rack/content_length.rb:14:in `call'
  rack (1.5.2) lib/rack/handler/webrick.rb:60:in `service'
  /Users/hamed/.rbenv/versions/2.0.0-p481/lib/ruby/2.0.0/webrick/httpserver.rb:138:in `service'
  /Users/hamed/.rbenv/versions/2.0.0-p481/lib/ruby/2.0.0/webrick/httpserver.rb:94:in `run'
  /Users/hamed/.rbenv/versions/2.0.0-p481/lib/ruby/2.0.0/webrick/server.rb:295:in `block in start_thread'


  Rendered /Users/hamed/.rbenv/versions/2.0.0-p481/lib/ruby/gems/2.0.0/gems/actionpack-4.1.6/lib/action_dispatch/middleware/templates/rescues/_trace.html.erb (1.1ms)
  Rendered /Users/hamed/.rbenv/versions/2.0.0-p481/lib/ruby/gems/2.0.0/gems/actionpack-4.1.6/lib/action_dispatch/middleware/templates/routes/_route.html.erb (1.9ms)
  Rendered /Users/hamed/.rbenv/versions/2.0.0-p481/lib/ruby/gems/2.0.0/gems/actionpack-4.1.6/lib/action_dispatch/middleware/templates/routes/_table.html.erb (1.1ms)
  Rendered /Users/hamed/.rbenv/versions/2.0.0-p481/lib/ruby/gems/2.0.0/gems/actionpack-4.1.6/lib/action_dispatch/middleware/templates/rescues/routing_error.html.erb within rescues/layout (25.8ms)


Started GET "/faq" for 127.0.0.1 at 2015-06-10 20:20:26 -0700

ActionController::RoutingError (No route matches [GET] "/faq"):
  actionpack (4.1.6) lib/action_dispatch/middleware/debug_exceptions.rb:21:in `call'
  actionpack (4.1.6) lib/action_dispatch/middleware/show_exceptions.rb:30:in `call'
  railties (4.1.6) lib/rails/rack/logger.rb:38:in `call_app'
  railties (4.1.6) lib/rails/rack/logger.rb:20:in `block in call'
  activesupport (4.1.6) lib/active_support/tagged_logging.rb:68:in `block in tagged'
  activesupport (4.1.6) lib/active_support/tagged_logging.rb:26:in `tagged'
  activesupport (4.1.6) lib/active_support/tagged_logging.rb:68:in `tagged'
  railties (4.1.6) lib/rails/rack/logger.rb:20:in `call'
  actionpack (4.1.6) lib/action_dispatch/middleware/request_id.rb:21:in `call'
  rack (1.5.2) lib/rack/methodoverride.rb:21:in `call'
  rack (1.5.2) lib/rack/runtime.rb:17:in `call'
  activesupport (4.1.6) lib/active_support/cache/strategy/local_cache_middleware.rb:26:in `call'
  rack (1.5.2) lib/rack/lock.rb:17:in `call'
  actionpack (4.1.6) lib/action_dispatch/middleware/static.rb:64:in `call'
  rack (1.5.2) lib/rack/sendfile.rb:112:in `call'
  railties (4.1.6) lib/rails/engine.rb:514:in `call'
  railties (4.1.6) lib/rails/application.rb:144:in `call'
  rack (1.5.2) lib/rack/lock.rb:17:in `call'
  rack (1.5.2) lib/rack/content_length.rb:14:in `call'
  rack (1.5.2) lib/rack/handler/webrick.rb:60:in `service'
  /Users/hamed/.rbenv/versions/2.0.0-p481/lib/ruby/2.0.0/webrick/httpserver.rb:138:in `service'
  /Users/hamed/.rbenv/versions/2.0.0-p481/lib/ruby/2.0.0/webrick/httpserver.rb:94:in `run'
  /Users/hamed/.rbenv/versions/2.0.0-p481/lib/ruby/2.0.0/webrick/server.rb:295:in `block in start_thread'


  Rendered /Users/hamed/.rbenv/versions/2.0.0-p481/lib/ruby/gems/2.0.0/gems/actionpack-4.1.6/lib/action_dispatch/middleware/templates/rescues/_trace.html.erb (1.1ms)
  Rendered /Users/hamed/.rbenv/versions/2.0.0-p481/lib/ruby/gems/2.0.0/gems/actionpack-4.1.6/lib/action_dispatch/middleware/templates/routes/_route.html.erb (1.9ms)
  Rendered /Users/hamed/.rbenv/versions/2.0.0-p481/lib/ruby/gems/2.0.0/gems/actionpack-4.1.6/lib/action_dispatch/middleware/templates/routes/_table.html.erb (1.0ms)
  Rendered /Users/hamed/.rbenv/versions/2.0.0-p481/lib/ruby/gems/2.0.0/gems/actionpack-4.1.6/lib/action_dispatch/middleware/templates/rescues/routing_error.html.erb within rescues/layout (23.8ms)


Started GET "/faq" for 127.0.0.1 at 2015-06-10 20:20:26 -0700

ActionController::RoutingError (No route matches [GET] "/faq"):
  actionpack (4.1.6) lib/action_dispatch/middleware/debug_exceptions.rb:21:in `call'
  actionpack (4.1.6) lib/action_dispatch/middleware/show_exceptions.rb:30:in `call'
  railties (4.1.6) lib/rails/rack/logger.rb:38:in `call_app'
  railties (4.1.6) lib/rails/rack/logger.rb:20:in `block in call'
  activesupport (4.1.6) lib/active_support/tagged_logging.rb:68:in `block in tagged'
  activesupport (4.1.6) lib/active_support/tagged_logging.rb:26:in `tagged'
  activesupport (4.1.6) lib/active_support/tagged_logging.rb:68:in `tagged'
  railties (4.1.6) lib/rails/rack/logger.rb:20:in `call'
  actionpack (4.1.6) lib/action_dispatch/middleware/request_id.rb:21:in `call'
  rack (1.5.2) lib/rack/methodoverride.rb:21:in `call'
  rack (1.5.2) lib/rack/runtime.rb:17:in `call'
  activesupport (4.1.6) lib/active_support/cache/strategy/local_cache_middleware.rb:26:in `call'
  rack (1.5.2) lib/rack/lock.rb:17:in `call'
  actionpack (4.1.6) lib/action_dispatch/middleware/static.rb:64:in `call'
  rack (1.5.2) lib/rack/sendfile.rb:112:in `call'
  railties (4.1.6) lib/rails/engine.rb:514:in `call'
  railties (4.1.6) lib/rails/application.rb:144:in `call'
  rack (1.5.2) lib/rack/lock.rb:17:in `call'
  rack (1.5.2) lib/rack/content_length.rb:14:in `call'
  rack (1.5.2) lib/rack/handler/webrick.rb:60:in `service'
  /Users/hamed/.rbenv/versions/2.0.0-p481/lib/ruby/2.0.0/webrick/httpserver.rb:138:in `service'
  /Users/hamed/.rbenv/versions/2.0.0-p481/lib/ruby/2.0.0/webrick/httpserver.rb:94:in `run'
  /Users/hamed/.rbenv/versions/2.0.0-p481/lib/ruby/2.0.0/webrick/server.rb:295:in `block in start_thread'


  Rendered /Users/hamed/.rbenv/versions/2.0.0-p481/lib/ruby/gems/2.0.0/gems/actionpack-4.1.6/lib/action_dispatch/middleware/templates/rescues/_trace.html.erb (1.1ms)
  Rendered /Users/hamed/.rbenv/versions/2.0.0-p481/lib/ruby/gems/2.0.0/gems/actionpack-4.1.6/lib/action_dispatch/middleware/templates/routes/_route.html.erb (1.9ms)
  Rendered /Users/hamed/.rbenv/versions/2.0.0-p481/lib/ruby/gems/2.0.0/gems/actionpack-4.1.6/lib/action_dispatch/middleware/templates/routes/_table.html.erb (1.0ms)
  Rendered /Users/hamed/.rbenv/versions/2.0.0-p481/lib/ruby/gems/2.0.0/gems/actionpack-4.1.6/lib/action_dispatch/middleware/templates/rescues/routing_error.html.erb within rescues/layout (24.5ms)


Started GET "/sign_in" for 127.0.0.1 at 2015-06-10 20:20:30 -0700

ActionController::RoutingError (No route matches [GET] "/sign_in"):
  actionpack (4.1.6) lib/action_dispatch/middleware/debug_exceptions.rb:21:in `call'
  actionpack (4.1.6) lib/action_dispatch/middleware/show_exceptions.rb:30:in `call'
  railties (4.1.6) lib/rails/rack/logger.rb:38:in `call_app'
  railties (4.1.6) lib/rails/rack/logger.rb:20:in `block in call'
  activesupport (4.1.6) lib/active_support/tagged_logging.rb:68:in `block in tagged'
  activesupport (4.1.6) lib/active_support/tagged_logging.rb:26:in `tagged'
  activesupport (4.1.6) lib/active_support/tagged_logging.rb:68:in `tagged'
  railties (4.1.6) lib/rails/rack/logger.rb:20:in `call'
  actionpack (4.1.6) lib/action_dispatch/middleware/request_id.rb:21:in `call'
  rack (1.5.2) lib/rack/methodoverride.rb:21:in `call'
  rack (1.5.2) lib/rack/runtime.rb:17:in `call'
  activesupport (4.1.6) lib/active_support/cache/strategy/local_cache_middleware.rb:26:in `call'
  rack (1.5.2) lib/rack/lock.rb:17:in `call'
  actionpack (4.1.6) lib/action_dispatch/middleware/static.rb:64:in `call'
  rack (1.5.2) lib/rack/sendfile.rb:112:in `call'
  railties (4.1.6) lib/rails/engine.rb:514:in `call'
  railties (4.1.6) lib/rails/application.rb:144:in `call'
  rack (1.5.2) lib/rack/lock.rb:17:in `call'
  rack (1.5.2) lib/rack/content_length.rb:14:in `call'
  rack (1.5.2) lib/rack/handler/webrick.rb:60:in `service'
  /Users/hamed/.rbenv/versions/2.0.0-p481/lib/ruby/2.0.0/webrick/httpserver.rb:138:in `service'
  /Users/hamed/.rbenv/versions/2.0.0-p481/lib/ruby/2.0.0/webrick/httpserver.rb:94:in `run'
  /Users/hamed/.rbenv/versions/2.0.0-p481/lib/ruby/2.0.0/webrick/server.rb:295:in `block in start_thread'


  Rendered /Users/hamed/.rbenv/versions/2.0.0-p481/lib/ruby/gems/2.0.0/gems/actionpack-4.1.6/lib/action_dispatch/middleware/templates/rescues/_trace.html.erb (1.0ms)
  Rendered /Users/hamed/.rbenv/versions/2.0.0-p481/lib/ruby/gems/2.0.0/gems/actionpack-4.1.6/lib/action_dispatch/middleware/templates/routes/_route.html.erb (1.9ms)
  Rendered /Users/hamed/.rbenv/versions/2.0.0-p481/lib/ruby/gems/2.0.0/gems/actionpack-4.1.6/lib/action_dispatch/middleware/templates/routes/_table.html.erb (1.1ms)
  Rendered /Users/hamed/.rbenv/versions/2.0.0-p481/lib/ruby/gems/2.0.0/gems/actionpack-4.1.6/lib/action_dispatch/middleware/templates/rescues/routing_error.html.erb within rescues/layout (23.7ms)


Started GET "/sign_in" for 127.0.0.1 at 2015-06-10 20:20:30 -0700

ActionController::RoutingError (No route matches [GET] "/sign_in"):
  actionpack (4.1.6) lib/action_dispatch/middleware/debug_exceptions.rb:21:in `call'
  actionpack (4.1.6) lib/action_dispatch/middleware/show_exceptions.rb:30:in `call'
  railties (4.1.6) lib/rails/rack/logger.rb:38:in `call_app'
  railties (4.1.6) lib/rails/rack/logger.rb:20:in `block in call'
  activesupport (4.1.6) lib/active_support/tagged_logging.rb:68:in `block in tagged'
  activesupport (4.1.6) lib/active_support/tagged_logging.rb:26:in `tagged'
  activesupport (4.1.6) lib/active_support/tagged_logging.rb:68:in `tagged'
  railties (4.1.6) lib/rails/rack/logger.rb:20:in `call'
  actionpack (4.1.6) lib/action_dispatch/middleware/request_id.rb:21:in `call'
  rack (1.5.2) lib/rack/methodoverride.rb:21:in `call'
  rack (1.5.2) lib/rack/runtime.rb:17:in `call'
  activesupport (4.1.6) lib/active_support/cache/strategy/local_cache_middleware.rb:26:in `call'
  rack (1.5.2) lib/rack/lock.rb:17:in `call'
  actionpack (4.1.6) lib/action_dispatch/middleware/static.rb:64:in `call'
  rack (1.5.2) lib/rack/sendfile.rb:112:in `call'
  railties (4.1.6) lib/rails/engine.rb:514:in `call'
  railties (4.1.6) lib/rails/application.rb:144:in `call'
  rack (1.5.2) lib/rack/lock.rb:17:in `call'
  rack (1.5.2) lib/rack/content_length.rb:14:in `call'
  rack (1.5.2) lib/rack/handler/webrick.rb:60:in `service'
  /Users/hamed/.rbenv/versions/2.0.0-p481/lib/ruby/2.0.0/webrick/httpserver.rb:138:in `service'
  /Users/hamed/.rbenv/versions/2.0.0-p481/lib/ruby/2.0.0/webrick/httpserver.rb:94:in `run'
  /Users/hamed/.rbenv/versions/2.0.0-p481/lib/ruby/2.0.0/webrick/server.rb:295:in `block in start_thread'


  Rendered /Users/hamed/.rbenv/versions/2.0.0-p481/lib/ruby/gems/2.0.0/gems/actionpack-4.1.6/lib/action_dispatch/middleware/templates/rescues/_trace.html.erb (1.0ms)
  Rendered /Users/hamed/.rbenv/versions/2.0.0-p481/lib/ruby/gems/2.0.0/gems/actionpack-4.1.6/lib/action_dispatch/middleware/templates/routes/_route.html.erb (2.0ms)
  Rendered /Users/hamed/.rbenv/versions/2.0.0-p481/lib/ruby/gems/2.0.0/gems/actionpack-4.1.6/lib/action_dispatch/middleware/templates/routes/_table.html.erb (1.1ms)
  Rendered /Users/hamed/.rbenv/versions/2.0.0-p481/lib/ruby/gems/2.0.0/gems/actionpack-4.1.6/lib/action_dispatch/middleware/templates/rescues/routing_error.html.erb within rescues/layout (23.9ms)
  [1m[36mRegistration Load (0.3ms)[0m  [1mSELECT "registrations".* FROM "registrations"[0m
  [1m[35mRegistration Load (0.4ms)[0m  SELECT  "registrations".* FROM "registrations"   ORDER BY "registrations"."id" ASC LIMIT 1


Started POST "/registrations" for 127.0.0.1 at 2015-06-10 20:27:43 -0700
Processing by RegistrationsController#create as HTML
  Parameters: {"utf8"=>"✓", "authenticity_token"=>"3DidPR/U2ff9U93ploktW7UqMPMCZ3okIzmNhnbx+sM=", "registration"=>{"course_id"=>"2", "full_name"=>"Saleh Rastani", "company"=>"Bugzify", "email"=>"salehrastani@gmail.com", "telephone"=>"4155356341"}, "commit"=>"Registration Payment"}
  [1m[36m (0.2ms)[0m  [1mbegin transaction[0m
  [1m[35mSQL (33.1ms)[0m  INSERT INTO "registrations" ("company", "course_id", "created_at", "email", "full_name", "notification_params", "telephone", "updated_at") VALUES (?, ?, ?, ?, ?, ?, ?, ?)  [["company", "Bugzify"], ["course_id", 2], ["created_at", "2015-06-11 03:27:43.884055"], ["email", "salehrastani@gmail.com"], ["full_name", "Saleh Rastani"], ["notification_params", "--- {}\n"], ["telephone", "4155356341"], ["updated_at", "2015-06-11 03:27:43.884055"]]
  [1m[36m (2.3ms)[0m  [1mcommit transaction[0m
  [1m[35mCourse Load (0.2ms)[0m  SELECT  "courses".* FROM "courses"  WHERE "courses"."id" = ? LIMIT 1  [["id", 2]]
Redirected to https://www.sandbox.paypal.com/cgi-bin/webscr?amount=610&business=merchant%40gotealeaf.com&cmd=_xclick&invoice=1&item_name=THE+BEST+BUTCHERY+COURSE+%284+Weeks%29&item_number=2&notify_url=http%3A%2F%2F3c99b47d.ngrok.com%2Fhook&quantity=1&return=http%3A%2F%2F3c99b47d.ngrok.com%2Fregistrations%2F1&upload=1
Completed 302 Found in 215ms (ActiveRecord: 35.9ms)


Started GET "/registrations/new?course_id=1" for 127.0.0.1 at 2015-06-10 20:27:55 -0700
Processing by RegistrationsController#new as HTML
  Parameters: {"course_id"=>"1"}
  [1m[36mCourse Load (0.2ms)[0m  [1mSELECT  "courses".* FROM "courses"  WHERE "courses"."id" = 1 LIMIT 1[0m
  Rendered registrations/new.html.haml within layouts/application (8.5ms)
  [1m[35mCourse Load (0.3ms)[0m  SELECT "courses".* FROM "courses"
  Rendered courses/_index.html.haml (3.8ms)
Completed 200 OK in 86ms (Views: 82.7ms | ActiveRecord: 0.6ms)


Started GET "/assets/bootstrap.min.css?body=1" for 127.0.0.1 at 2015-06-10 20:27:55 -0700


Started GET "/assets/form.css?body=1" for 127.0.0.1 at 2015-06-10 20:27:55 -0700


Started GET "/assets/normalize.css?body=1" for 127.0.0.1 at 2015-06-10 20:27:55 -0700


Started GET "/assets/front.css?body=1" for 127.0.0.1 at 2015-06-10 20:27:55 -0700


Started GET "/assets/turbolinks.js?body=1" for 127.0.0.1 at 2015-06-10 20:27:55 -0700


Started GET "/assets/fonts.css?body=1" for 127.0.0.1 at 2015-06-10 20:27:55 -0700


Started GET "/assets/application.js?body=1" for 127.0.0.1 at 2015-06-10 20:27:55 -0700


Started GET "/assets/application.css?body=1" for 127.0.0.1 at 2015-06-10 20:27:55 -0700


Started GET "/registrations/new?course_id=2" for 127.0.0.1 at 2015-06-10 20:27:57 -0700
Processing by RegistrationsController#new as HTML
  Parameters: {"course_id"=>"2"}
  [1m[36mCourse Load (0.2ms)[0m  [1mSELECT  "courses".* FROM "courses"  WHERE "courses"."id" = 2 LIMIT 1[0m
  Rendered registrations/new.html.haml within layouts/application (2.8ms)
  [1m[35mCourse Load (0.2ms)[0m  SELECT "courses".* FROM "courses"
  Rendered courses/_index.html.haml (4.1ms)
Completed 200 OK in 65ms (Views: 62.4ms | ActiveRecord: 0.3ms)


Started GET "/registrations/new?course_id=3" for 127.0.0.1 at 2015-06-10 20:28:00 -0700
Processing by RegistrationsController#new as HTML
  Parameters: {"course_id"=>"3"}
  [1m[36mCourse Load (0.2ms)[0m  [1mSELECT  "courses".* FROM "courses"  WHERE "courses"."id" = 3 LIMIT 1[0m
  Rendered registrations/new.html.haml within layouts/application (4.3ms)
  [1m[35mCourse Load (0.2ms)[0m  SELECT "courses".* FROM "courses"
  Rendered courses/_index.html.haml (2.2ms)
Completed 200 OK in 108ms (Views: 105.9ms | ActiveRecord: 0.4ms)


Started POST "/registrations" for 127.0.0.1 at 2015-06-10 20:28:12 -0700
Processing by RegistrationsController#create as HTML
  Parameters: {"utf8"=>"✓", "authenticity_token"=>"3DidPR/U2ff9U93ploktW7UqMPMCZ3okIzmNhnbx+sM=", "registration"=>{"course_id"=>"3", "full_name"=>"Saleh Rastani", "company"=>"Bugzify", "email"=>"salehrastani@gmail.com", "telephone"=>"4155356341"}, "commit"=>"Registration Payment"}
  [1m[36m (0.2ms)[0m  [1mbegin transaction[0m
  [1m[35mSQL (0.4ms)[0m  INSERT INTO "registrations" ("company", "course_id", "created_at", "email", "full_name", "notification_params", "telephone", "updated_at") VALUES (?, ?, ?, ?, ?, ?, ?, ?)  [["company", "Bugzify"], ["course_id", 3], ["created_at", "2015-06-11 03:28:12.154256"], ["email", "salehrastani@gmail.com"], ["full_name", "Saleh Rastani"], ["notification_params", "--- {}\n"], ["telephone", "4155356341"], ["updated_at", "2015-06-11 03:28:12.154256"]]
  [1m[36m (42.4ms)[0m  [1mcommit transaction[0m
  [1m[35mCourse Load (0.2ms)[0m  SELECT  "courses".* FROM "courses"  WHERE "courses"."id" = ? LIMIT 1  [["id", 3]]
Redirected to https://www.sandbox.paypal.com/cgi-bin/webscr?amount=1485&business=merchant%40gotealeaf.com&cmd=_xclick&invoice=2&item_name=SEA+FOOD+SECRETS+COURSE+%288+Weeks%29&item_number=3&notify_url=http%3A%2F%2F3c99b47d.ngrok.com%2Fhook&quantity=1&return=http%3A%2F%2F3c99b47d.ngrok.com%2Fregistrations%2F2&upload=1
Completed 302 Found in 51ms (ActiveRecord: 43.1ms)


Started GET "/registrations/new?course_id=3" for 127.0.0.1 at 2015-06-10 20:28:58 -0700
Processing by RegistrationsController#new as HTML
  Parameters: {"course_id"=>"3"}
  [1m[36mCourse Load (0.2ms)[0m  [1mSELECT  "courses".* FROM "courses"  WHERE "courses"."id" = 3 LIMIT 1[0m
  Rendered registrations/new.html.haml within layouts/application (3.4ms)
  [1m[35mCourse Load (0.2ms)[0m  SELECT "courses".* FROM "courses"
  Rendered courses/_index.html.haml (2.1ms)
Completed 200 OK in 60ms (Views: 58.4ms | ActiveRecord: 0.3ms)


Started GET "/assets/bootstrap.min.css?body=1" for 127.0.0.1 at 2015-06-10 20:28:58 -0700


Started GET "/assets/normalize.css?body=1" for 127.0.0.1 at 2015-06-10 20:28:58 -0700


Started GET "/assets/form.css?body=1" for 127.0.0.1 at 2015-06-10 20:28:58 -0700


Started GET "/assets/fonts.css?body=1" for 127.0.0.1 at 2015-06-10 20:28:58 -0700


Started GET "/assets/front.css?body=1" for 127.0.0.1 at 2015-06-10 20:28:58 -0700


Started GET "/assets/application.css?body=1" for 127.0.0.1 at 2015-06-10 20:28:58 -0700


Started GET "/assets/jquery.js?body=1" for 127.0.0.1 at 2015-06-10 20:28:58 -0700


Started GET "/assets/jquery_ujs.js?body=1" for 127.0.0.1 at 2015-06-10 20:28:58 -0700


Started GET "/assets/turbolinks.js?body=1" for 127.0.0.1 at 2015-06-10 20:28:58 -0700


Started GET "/assets/application.js?body=1" for 127.0.0.1 at 2015-06-10 20:28:58 -0700


Started GET "/registrations/new?course_id=2" for 127.0.0.1 at 2015-06-10 20:28:59 -0700
Processing by RegistrationsController#new as HTML
  Parameters: {"course_id"=>"2"}
  [1m[36mCourse Load (0.2ms)[0m  [1mSELECT  "courses".* FROM "courses"  WHERE "courses"."id" = 2 LIMIT 1[0m
  Rendered registrations/new.html.haml within layouts/application (2.6ms)
  [1m[35mCourse Load (0.2ms)[0m  SELECT "courses".* FROM "courses"
  Rendered courses/_index.html.haml (2.2ms)
Completed 200 OK in 107ms (Views: 105.4ms | ActiveRecord: 0.3ms)


Started GET "/registrations/new?course_id=1" for 127.0.0.1 at 2015-06-10 20:29:01 -0700
Processing by RegistrationsController#new as HTML
  Parameters: {"course_id"=>"1"}
  [1m[36mCourse Load (0.2ms)[0m  [1mSELECT  "courses".* FROM "courses"  WHERE "courses"."id" = 1 LIMIT 1[0m
  Rendered registrations/new.html.haml within layouts/application (2.8ms)
  [1m[35mCourse Load (0.2ms)[0m  SELECT "courses".* FROM "courses"
  Rendered courses/_index.html.haml (2.0ms)
Completed 200 OK in 56ms (Views: 53.8ms | ActiveRecord: 0.4ms)


Started GET "/registrations/new?course_id=2" for 127.0.0.1 at 2015-06-10 20:29:04 -0700
Processing by RegistrationsController#new as HTML
  Parameters: {"course_id"=>"2"}
  [1m[36mCourse Load (0.2ms)[0m  [1mSELECT  "courses".* FROM "courses"  WHERE "courses"."id" = 2 LIMIT 1[0m
  Rendered registrations/new.html.haml within layouts/application (2.7ms)
  [1m[35mCourse Load (0.2ms)[0m  SELECT "courses".* FROM "courses"
  Rendered courses/_index.html.haml (2.1ms)
Completed 200 OK in 56ms (Views: 54.5ms | ActiveRecord: 0.3ms)


Started GET "/registrations/new?course_id=3" for 127.0.0.1 at 2015-06-10 20:29:05 -0700
Processing by RegistrationsController#new as HTML
  Parameters: {"course_id"=>"3"}
  [1m[36mCourse Load (0.2ms)[0m  [1mSELECT  "courses".* FROM "courses"  WHERE "courses"."id" = 3 LIMIT 1[0m
  Rendered registrations/new.html.haml within layouts/application (2.8ms)
  [1m[35mCourse Load (0.2ms)[0m  SELECT "courses".* FROM "courses"
  Rendered courses/_index.html.haml (4.0ms)
Completed 200 OK in 108ms (Views: 105.1ms | ActiveRecord: 0.4ms)


Started GET "/" for 127.0.0.1 at 2015-06-10 20:47:47 -0700
Processing by CoursesController#index as HTML
  Rendered courses/index.html.haml within layouts/application (0.1ms)
  [1m[36mCourse Load (14.2ms)[0m  [1mSELECT "courses".* FROM "courses"[0m
  Rendered courses/_index.html.haml (17.4ms)
Completed 200 OK in 100ms (Views: 84.9ms | ActiveRecord: 14.2ms)


Started GET "/assets/fonts.css?body=1" for 127.0.0.1 at 2015-06-10 20:47:47 -0700


Started GET "/assets/bootstrap.min.css?body=1" for 127.0.0.1 at 2015-06-10 20:47:48 -0700


Started GET "/assets/front.css?body=1" for 127.0.0.1 at 2015-06-10 20:47:48 -0700


Started GET "/assets/form.css?body=1" for 127.0.0.1 at 2015-06-10 20:47:48 -0700


Started GET "/assets/normalize.css?body=1" for 127.0.0.1 at 2015-06-10 20:47:48 -0700


Started GET "/assets/application.css?body=1" for 127.0.0.1 at 2015-06-10 20:47:48 -0700


Started GET "/assets/jquery.js?body=1" for 127.0.0.1 at 2015-06-10 20:47:48 -0700


Started GET "/assets/jquery_ujs.js?body=1" for 127.0.0.1 at 2015-06-10 20:47:48 -0700


Started GET "/assets/application.js?body=1" for 127.0.0.1 at 2015-06-10 20:47:48 -0700


Started GET "/assets/turbolinks.js?body=1" for 127.0.0.1 at 2015-06-10 20:47:48 -0700


Started GET "/assets/code-bg.jpg" for 127.0.0.1 at 2015-06-10 20:47:49 -0700


Started GET "/assets/MYRIADPRO-REGULAR.OTF" for 127.0.0.1 at 2015-06-10 20:47:49 -0700


Started GET "/assets/course-bg-arrow.png" for 127.0.0.1 at 2015-06-10 20:47:49 -0700


Started GET "/registrations/new?course_id=2" for 127.0.0.1 at 2015-06-10 20:48:00 -0700
Processing by RegistrationsController#new as HTML
  Parameters: {"course_id"=>"2"}
  [1m[35mCourse Load (0.2ms)[0m  SELECT  "courses".* FROM "courses"  WHERE "courses"."id" = 2 LIMIT 1
  Rendered registrations/new.html.haml within layouts/application (47.9ms)
  [1m[36mCourse Load (0.2ms)[0m  [1mSELECT "courses".* FROM "courses"[0m
  Rendered courses/_index.html.haml (2.1ms)
Completed 200 OK in 132ms (Views: 129.1ms | ActiveRecord: 0.4ms)


Started POST "/registrations" for 127.0.0.1 at 2015-06-10 20:48:09 -0700
Processing by RegistrationsController#create as HTML
  Parameters: {"utf8"=>"✓", "authenticity_token"=>"Zy2jjg1ITTv+SlyN0waQWwhsgWeQ0qvPHeSm532plfA=", "registration"=>{"course_id"=>"2", "full_name"=>"Saleh Rastani", "company"=>"", "email"=>"salehrastani@gmail.com", "telephone"=>"4155356341"}, "commit"=>"Registration Payment"}
  [1m[35m (0.1ms)[0m  begin transaction
  [1m[36m (0.0ms)[0m  [1mrollback transaction[0m
  Rendered registrations/new.html.haml within layouts/application (29.4ms)
Completed 500 Internal Server Error in 34ms

ActionView::Template::Error (undefined method `id' for nil:NilClass):
    12:                 - @registration.errors.full_messages.each do |message|
    13:                   %li= message
    14:           .field
    15:             = f.hidden_field :course_id, value: @course.id
    16:           .field
    17:             = f.label :full_name
    18:             = f.text_field :full_name
  app/views/registrations/new.html.haml:15:in `block in _app_views_registrations_new_html_haml__2121558678855060643_70240523820000'
  app/views/registrations/new.html.haml:5:in `_app_views_registrations_new_html_haml__2121558678855060643_70240523820000'
  app/controllers/registrations_controller.rb:25:in `create'


  Rendered /Users/hamed/.rbenv/versions/2.0.0-p481/lib/ruby/gems/2.0.0/gems/actionpack-4.1.6/lib/action_dispatch/middleware/templates/rescues/_trace.html.erb (1.4ms)
  Rendered /Users/hamed/.rbenv/versions/2.0.0-p481/lib/ruby/gems/2.0.0/gems/actionpack-4.1.6/lib/action_dispatch/middleware/templates/rescues/_request_and_response.html.erb (1.1ms)
  Rendered /Users/hamed/.rbenv/versions/2.0.0-p481/lib/ruby/gems/2.0.0/gems/actionpack-4.1.6/lib/action_dispatch/middleware/templates/rescues/template_error.html.erb within rescues/layout (30.6ms)


Started POST "/registrations" for 127.0.0.1 at 2015-06-10 20:48:21 -0700
Processing by RegistrationsController#create as HTML
  Parameters: {"utf8"=>"✓", "authenticity_token"=>"Zy2jjg1ITTv+SlyN0waQWwhsgWeQ0qvPHeSm532plfA=", "registration"=>{"course_id"=>"2", "full_name"=>"Saleh Rastani", "company"=>"Bugzify", "email"=>"salehrastani@gmail.com", "telephone"=>"4155356341"}, "commit"=>"Registration Payment"}
  [1m[35m (0.1ms)[0m  begin transaction
  [1m[36mSQL (0.3ms)[0m  [1mINSERT INTO "registrations" ("company", "course_id", "created_at", "email", "full_name", "notification_params", "telephone", "updated_at") VALUES (?, ?, ?, ?, ?, ?, ?, ?)[0m  [["company", "Bugzify"], ["course_id", 2], ["created_at", "2015-06-11 03:48:21.192014"], ["email", "salehrastani@gmail.com"], ["full_name", "Saleh Rastani"], ["notification_params", "--- {}\n"], ["telephone", "4155356341"], ["updated_at", "2015-06-11 03:48:21.192014"]]
  [1m[35m (30.5ms)[0m  commit transaction
  [1m[36mCourse Load (0.2ms)[0m  [1mSELECT  "courses".* FROM "courses"  WHERE "courses"."id" = ? LIMIT 1[0m  [["id", 2]]
Redirected to https://www.sandbox.paypal.com/cgi-bin/webscr?amount=610&business=merchant%40gotealeaf.com&cmd=_xclick&invoice=3&item_name=THE+BEST+BUTCHERY+COURSE+%284+Weeks%29&item_number=2&notify_url=http%3A%2F%2F3c99b47d.ngrok.com%2Fhook&quantity=1&return=http%3A%2F%2F3c99b47d.ngrok.com%2Fregistrations%2F3&upload=1
Completed 302 Found in 38ms (ActiveRecord: 31.1ms)


Started GET "/registrations/new?course_id=3" for 127.0.0.1 at 2015-06-10 20:48:35 -0700
Processing by RegistrationsController#new as HTML
  Parameters: {"course_id"=>"3"}
  [1m[35mCourse Load (0.2ms)[0m  SELECT  "courses".* FROM "courses"  WHERE "courses"."id" = 3 LIMIT 1
  Rendered registrations/new.html.haml within layouts/application (3.0ms)
  [1m[36mCourse Load (0.2ms)[0m  [1mSELECT "courses".* FROM "courses"[0m
  Rendered courses/_index.html.haml (2.3ms)
Completed 200 OK in 61ms (Views: 59.2ms | ActiveRecord: 0.4ms)


Started POST "/registrations" for 127.0.0.1 at 2015-06-10 20:48:42 -0700
Processing by RegistrationsController#create as HTML
  Parameters: {"utf8"=>"✓", "authenticity_token"=>"Zy2jjg1ITTv+SlyN0waQWwhsgWeQ0qvPHeSm532plfA=", "registration"=>{"course_id"=>"3", "full_name"=>"Saleh Rastani", "company"=>"Bugzify", "email"=>"salehrastani@gmail.com", "telephone"=>"4155356341"}, "commit"=>"Registration Payment"}
  [1m[35m (0.1ms)[0m  begin transaction
  [1m[36mSQL (0.3ms)[0m  [1mINSERT INTO "registrations" ("company", "course_id", "created_at", "email", "full_name", "notification_params", "telephone", "updated_at") VALUES (?, ?, ?, ?, ?, ?, ?, ?)[0m  [["company", "Bugzify"], ["course_id", 3], ["created_at", "2015-06-11 03:48:42.075615"], ["email", "salehrastani@gmail.com"], ["full_name", "Saleh Rastani"], ["notification_params", "--- {}\n"], ["telephone", "4155356341"], ["updated_at", "2015-06-11 03:48:42.075615"]]
  [1m[35m (2.1ms)[0m  commit transaction
  [1m[36mCourse Load (0.1ms)[0m  [1mSELECT  "courses".* FROM "courses"  WHERE "courses"."id" = ? LIMIT 1[0m  [["id", 3]]
Redirected to https://www.sandbox.paypal.com/cgi-bin/webscr?amount=1485&business=merchant%40gotealeaf.com&cmd=_xclick&invoice=4&item_name=SEA+FOOD+SECRETS+COURSE+%288+Weeks%29&item_number=3&notify_url=http%3A%2F%2F3c99b47d.ngrok.com%2Fhook&quantity=1&return=http%3A%2F%2F3c99b47d.ngrok.com%2Fregistrations%2F4&upload=1
Completed 302 Found in 8ms (ActiveRecord: 2.6ms)


Started POST "/registrations" for 127.0.0.1 at 2015-06-10 20:48:43 -0700
Processing by RegistrationsController#create as HTML
  Parameters: {"utf8"=>"✓", "authenticity_token"=>"Zy2jjg1ITTv+SlyN0waQWwhsgWeQ0qvPHeSm532plfA=", "registration"=>{"course_id"=>"3", "full_name"=>"Saleh Rastani", "company"=>"Bugzify", "email"=>"salehrastani@gmail.com", "telephone"=>"4155356341"}, "commit"=>"Registration Payment"}
  [1m[35m (0.1ms)[0m  begin transaction
  [1m[36mSQL (0.3ms)[0m  [1mINSERT INTO "registrations" ("company", "course_id", "created_at", "email", "full_name", "notification_params", "telephone", "updated_at") VALUES (?, ?, ?, ?, ?, ?, ?, ?)[0m  [["company", "Bugzify"], ["course_id", 3], ["created_at", "2015-06-11 03:48:43.396468"], ["email", "salehrastani@gmail.com"], ["full_name", "Saleh Rastani"], ["notification_params", "--- {}\n"], ["telephone", "4155356341"], ["updated_at", "2015-06-11 03:48:43.396468"]]
  [1m[35m (1.9ms)[0m  commit transaction
  [1m[36mCourse Load (0.1ms)[0m  [1mSELECT  "courses".* FROM "courses"  WHERE "courses"."id" = ? LIMIT 1[0m  [["id", 3]]
Redirected to https://www.sandbox.paypal.com/cgi-bin/webscr?amount=1485&business=merchant%40gotealeaf.com&cmd=_xclick&invoice=5&item_name=SEA+FOOD+SECRETS+COURSE+%288+Weeks%29&item_number=3&notify_url=http%3A%2F%2F3c99b47d.ngrok.com%2Fhook&quantity=1&return=http%3A%2F%2F3c99b47d.ngrok.com%2Fregistrations%2F5&upload=1
Completed 302 Found in 7ms (ActiveRecord: 2.4ms)


Started GET "/registrations/new?course_id=3" for 127.0.0.1 at 2015-06-10 20:49:27 -0700
Processing by RegistrationsController#new as HTML
  Parameters: {"course_id"=>"3"}
  [1m[35mCourse Load (0.2ms)[0m  SELECT  "courses".* FROM "courses"  WHERE "courses"."id" = 3 LIMIT 1
  Rendered registrations/new.html.haml within layouts/application (13.5ms)
  [1m[36mCourse Load (0.2ms)[0m  [1mSELECT "courses".* FROM "courses"[0m
  Rendered courses/_index.html.haml (2.2ms)
Completed 200 OK in 92ms (Views: 66.9ms | ActiveRecord: 13.1ms)


Started GET "/assets/form.css?body=1" for 127.0.0.1 at 2015-06-10 20:49:28 -0700


Started GET "/assets/front.css?body=1" for 127.0.0.1 at 2015-06-10 20:49:28 -0700


Started GET "/assets/normalize.css?body=1" for 127.0.0.1 at 2015-06-10 20:49:28 -0700


Started GET "/assets/bootstrap.min.css?body=1" for 127.0.0.1 at 2015-06-10 20:49:28 -0700


Started GET "/assets/fonts.css?body=1" for 127.0.0.1 at 2015-06-10 20:49:28 -0700


Started GET "/assets/application.css?body=1" for 127.0.0.1 at 2015-06-10 20:49:28 -0700


Started GET "/assets/jquery.js?body=1" for 127.0.0.1 at 2015-06-10 20:49:28 -0700


Started GET "/assets/jquery_ujs.js?body=1" for 127.0.0.1 at 2015-06-10 20:49:28 -0700


Started GET "/assets/turbolinks.js?body=1" for 127.0.0.1 at 2015-06-10 20:49:28 -0700


Started GET "/assets/application.js?body=1" for 127.0.0.1 at 2015-06-10 20:49:28 -0700


Started POST "/registrations" for 127.0.0.1 at 2015-06-10 20:49:35 -0700
Processing by RegistrationsController#create as HTML
  Parameters: {"utf8"=>"✓", "authenticity_token"=>"Zy2jjg1ITTv+SlyN0waQWwhsgWeQ0qvPHeSm532plfA=", "registration"=>{"course_id"=>"3", "full_name"=>"Saleh Rastani", "company"=>"Bugzify", "email"=>"salehrastani@gmail.com", "telephone"=>"4155356341"}, "commit"=>"Registration Payment"}
  [1m[35m (0.1ms)[0m  begin transaction
  [1m[36mSQL (0.5ms)[0m  [1mINSERT INTO "registrations" ("company", "course_id", "created_at", "email", "full_name", "notification_params", "telephone", "updated_at") VALUES (?, ?, ?, ?, ?, ?, ?, ?)[0m  [["company", "Bugzify"], ["course_id", 3], ["created_at", "2015-06-11 03:49:35.961035"], ["email", "salehrastani@gmail.com"], ["full_name", "Saleh Rastani"], ["notification_params", "--- {}\n"], ["telephone", "4155356341"], ["updated_at", "2015-06-11 03:49:35.961035"]]
  [1m[35m (2.2ms)[0m  commit transaction
  [1m[36mCourse Load (0.2ms)[0m  [1mSELECT  "courses".* FROM "courses"  WHERE "courses"."id" = ? LIMIT 1[0m  [["id", 3]]
Redirected to https://www.sandbox.paypal.com/cgi-bin/webscr?amount=1485&business=salehrastani%40gmail.com&cmd=_xclick&invoice=6&item_name=SEA+FOOD+SECRETS+COURSE+%288+Weeks%29&item_number=3&notify_url=http%3A%2F%2F3c99b47d.ngrok.com%2Fhook&quantity=1&return=http%3A%2F%2F3c99b47d.ngrok.com%2Fregistrations%2F6&upload=1
Completed 302 Found in 9ms (ActiveRecord: 3.0ms)
